<?xml version="1.0" encoding="UTF-8"?>
<!-- Generated by org.testng.reporters.JUnitXMLReporter -->
<testsuite hostname="HIBACL146119" ignored="0" name="Test" tests="4" failures="0" timestamp="10 Mar 2021 11:16:10 GMT" time="0.042" errors="0">
  <testcase name="BrowserAutomation" time="0.007" classname="qaclickacademy.Mavenjava.SeleniumTest"/>
  <testcase name="elementsUI" time="0.001" classname="qaclickacademy.Mavenjava.SeleniumTest"/>
  <testcase name="deleteTwitter" time="0.001" classname="qaclickacademy.Mavenjava.RestAPITest"/>
  <testcase name="postJira" time="0.0" classname="qaclickacademy.Mavenjava.RestAPITest"/>
</testsuite> <!-- Test -->
