<?xml version="1.0" encoding="UTF-8"?>
<testng-results skipped="0" failed="0" ignored="0" total="4" passed="4">
  <reporter-output>
  </reporter-output>
  <suite name="Suite" duration-ms="42" started-at="2021-03-10T11:16:10Z" finished-at="2021-03-10T11:16:10Z">
    <groups>
    </groups>
    <test name="Test" duration-ms="42" started-at="2021-03-10T11:16:10Z" finished-at="2021-03-10T11:16:10Z">
      <class name="qaclickacademy.Mavenjava.RestAPITest">
        <test-method status="PASS" signature="deleteTwitter()[pri:0, instance:qaclickacademy.Mavenjava.RestAPITest@4de8b406]" name="deleteTwitter" duration-ms="1" started-at="2021-03-10T11:16:10Z" finished-at="2021-03-10T11:16:10Z">
          <reporter-output>
          </reporter-output>
        </test-method> <!-- deleteTwitter -->
        <test-method status="PASS" signature="postJira()[pri:0, instance:qaclickacademy.Mavenjava.RestAPITest@4de8b406]" name="postJira" duration-ms="0" started-at="2021-03-10T11:16:10Z" finished-at="2021-03-10T11:16:10Z">
          <reporter-output>
          </reporter-output>
        </test-method> <!-- postJira -->
      </class> <!-- qaclickacademy.Mavenjava.RestAPITest -->
      <class name="qaclickacademy.Mavenjava.SeleniumTest">
        <test-method status="PASS" signature="BrowserAutomation()[pri:0, instance:qaclickacademy.Mavenjava.SeleniumTest@6a2bcfcb]" name="BrowserAutomation" duration-ms="7" started-at="2021-03-10T11:16:10Z" finished-at="2021-03-10T11:16:10Z">
          <reporter-output>
          </reporter-output>
        </test-method> <!-- BrowserAutomation -->
        <test-method status="PASS" signature="elementsUI()[pri:0, instance:qaclickacademy.Mavenjava.SeleniumTest@6a2bcfcb]" name="elementsUI" duration-ms="1" started-at="2021-03-10T11:16:10Z" finished-at="2021-03-10T11:16:10Z">
          <reporter-output>
          </reporter-output>
        </test-method> <!-- elementsUI -->
      </class> <!-- qaclickacademy.Mavenjava.SeleniumTest -->
    </test> <!-- Test -->
  </suite> <!-- Suite -->
</testng-results>
